# JRE version: OpenJDK Runtime Environment (11.0.11+9) (build 11.0.11+9-b60-7590822)
# Java VM: OpenJDK 64-Bit Server VM (11.0.11+9-b60-7590822, mixed mode, tiered, compressed oops, g1 gc, windows-amd64)
Heap:
 garbage-first heap   total 187392K, used 86437K [0x0000000080000000, 0x0000000100000000)
  region size 1024K, 10 young (10240K), 9 survivors (9216K)
 Metaspace       used 77710K, capacity 79873K, committed 80068K, reserved 1118208K
  class space    used 10184K, capacity 10941K, committed 10956K, reserved 1048576K
GC Heap History (20 events):
Event: 3.538 GC heap before
{Heap before GC invocations=8 (full 0):
 garbage-first heap   total 129024K, used 77245K [0x0000000080000000, 0x0000000100000000)
  region size 1024K, 41 young (41984K), 2 survivors (2048K)
 Metaspace       used 39354K, capacity 40417K, committed 40596K, reserved 1085440K
  class space    used 5024K, capacity 5403K, committed 5452K, reserved 1048576K
}
Event: 3.549 GC heap after
{Heap after GC invocations=9 (full 0):
 garbage-first heap   total 129024K, used 38901K [0x0000000080000000, 0x0000000100000000)
  region size 1024K, 6 young (6144K), 6 survivors (6144K)
 Metaspace       used 39354K, capacity 40417K, committed 40596K, reserved 1085440K
  class space    used 5024K, capacity 5403K, committed 5452K, reserved 1048576K
}
Event: 4.006 GC heap before
{Heap before GC invocations=10 (full 0):
 garbage-first heap   total 129024K, used 81909K [0x0000000080000000, 0x0000000100000000)
  region size 1024K, 46 young (47104K), 6 survivors (6144K)
 Metaspace       used 42499K, capacity 43626K, committed 43924K, reserved 1087488K
  class space    used 5479K, capacity 5912K, committed 5964K, reserved 1048576K
}
Event: 4.014 GC heap after
{Heap after GC invocations=11 (full 0):
 garbage-first heap   total 155648K, used 44444K [0x0000000080000000, 0x0000000100000000)
  region size 1024K, 4 young (4096K), 4 survivors (4096K)
 Metaspace       used 42499K, capacity 43626K, committed 43924K, reserved 1087488K
  class space    used 5479K, capacity 5912K, committed 5964K, reserved 1048576K
}
Event: 4.602 GC heap before
{Heap before GC invocations=11 (full 0):
 garbage-first heap   total 155648K, used 97692K [0x0000000080000000, 0x0000000100000000)
  region size 1024K, 55 young (56320K), 4 survivors (4096K)
 Metaspace       used 45718K, capacity 47058K, committed 47380K, reserved 1091584K
  class space    used 5800K, capacity 6260K, committed 6348K, reserved 1048576K
}
Event: 4.610 GC heap after
{Heap after GC invocations=12 (full 0):
 garbage-first heap   total 155648K, used 48806K [0x0000000080000000, 0x0000000100000000)
  region size 1024K, 7 young (7168K), 7 survivors (7168K)
 Metaspace       used 45718K, capacity 47058K, committed 47380K, reserved 1091584K
  class space    used 5800K, capacity 6260K, committed 6348K, reserved 1048576K
}
Event: 5.070 GC heap before
{Heap before GC invocations=12 (full 0):
 garbage-first heap   total 155648K, used 107174K [0x0000000080000000, 0x0000000100000000)
  region size 1024K, 60 young (61440K), 7 survivors (7168K)
 Metaspace       used 49253K, capacity 50768K, committed 51092K, reserved 1093632K
  class space    used 6364K, capacity 6859K, committed 6988K, reserved 1048576K
}
Event: 5.077 GC heap after
{Heap after GC invocations=13 (full 0):
 garbage-first heap   total 155648K, used 55913K [0x0000000080000000, 0x0000000100000000)
  region size 1024K, 8 young (8192K), 8 survivors (8192K)
 Metaspace       used 49253K, capacity 50768K, committed 51092K, reserved 1093632K
  class space    used 6364K, capacity 6859K, committed 6988K, reserved 1048576K
}
Event: 5.659 GC heap before
{Heap before GC invocations=13 (full 0):
 garbage-first heap   total 155648K, used 113257K [0x0000000080000000, 0x0000000100000000)
  region size 1024K, 60 young (61440K), 8 survivors (8192K)
 Metaspace       used 51854K, capacity 53502K, committed 53780K, reserved 1095680K
  class space    used 6749K, capacity 7293K, committed 7372K, reserved 1048576K
}
Event: 5.666 GC heap after
{Heap after GC invocations=14 (full 0):
 garbage-first heap   total 155648K, used 67626K [0x0000000080000000, 0x0000000100000000)
  region size 1024K, 8 young (8192K), 8 survivors (8192K)
 Metaspace       used 51854K, capacity 53502K, committed 53780K, reserved 1095680K
  class space    used 6749K, capacity 7293K, committed 7372K, reserved 1048576K
}
Event: 6.186 GC heap before
{Heap before GC invocations=14 (full 0):
 garbage-first heap   total 155648K, used 114730K [0x0000000080000000, 0x0000000100000000)
  region size 1024K, 54 young (55296K), 8 survivors (8192K)
 Metaspace       used 56314K, capacity 58059K, committed 58132K, reserved 1099776K
  class space    used 7282K, capacity 7849K, committed 7884K, reserved 1048576K
}
Event: 6.192 GC heap after
{Heap after GC invocations=15 (full 0):
 garbage-first heap   total 187392K, used 71206K [0x0000000080000000, 0x0000000100000000)
  region size 1024K, 4 young (4096K), 4 survivors (4096K)
 Metaspace       used 56314K, capacity 58059K, committed 58132K, reserved 1099776K
  class space    used 7282K, capacity 7849K, committed 7884K, reserved 1048576K
}
Event: 6.874 GC heap before
{Heap before GC invocations=15 (full 0):
 garbage-first heap   total 187392K, used 129574K [0x0000000080000000, 0x0000000100000000)
  region size 1024K, 61 young (62464K), 4 survivors (4096K)
 Metaspace       used 64932K, capacity 66873K, committed 66964K, reserved 1107968K
  class space    used 8367K, capacity 9015K, committed 9036K, reserved 1048576K
}
Event: 6.878 GC heap after
{Heap after GC invocations=16 (full 0):
 garbage-first heap   total 187392K, used 73208K [0x0000000080000000, 0x0000000100000000)
  region size 1024K, 6 young (6144K), 6 survivors (6144K)
 Metaspace       used 64932K, capacity 66873K, committed 66964K, reserved 1107968K
  class space    used 8367K, capacity 9015K, committed 9036K, reserved 1048576K
}
Event: 6.940 GC heap before
{Heap before GC invocations=16 (full 0):
 garbage-first heap   total 187392K, used 79352K [0x0000000080000000, 0x0000000100000000)
  region size 1024K, 13 young (13312K), 6 survivors (6144K)
 Metaspace       used 65953K, capacity 67907K, committed 68088K, reserved 1107968K
  class space    used 8487K, capacity 9126K, committed 9164K, reserved 1048576K
}
Event: 6.945 GC heap after
{Heap after GC invocations=17 (full 0):
 garbage-first heap   total 187392K, used 74114K [0x0000000080000000, 0x0000000100000000)
  region size 1024K, 4 young (4096K), 4 survivors (4096K)
 Metaspace       used 65953K, capacity 67907K, committed 68088K, reserved 1107968K
  class space    used 8487K, capacity 9126K, committed 9164K, reserved 1048576K
}
Event: 7.728 GC heap before
{Heap before GC invocations=18 (full 0):
 garbage-first heap   total 187392K, used 137602K [0x0000000080000000, 0x0000000100000000)
  region size 1024K, 66 young (67584K), 4 survivors (4096K)
 Metaspace       used 70915K, capacity 72838K, committed 73028K, reserved 1112064K
  class space    used 9116K, capacity 9775K, committed 9804K, reserved 1048576K
}
Event: 7.735 GC heap after
{Heap after GC invocations=19 (full 0):
 garbage-first heap   total 187392K, used 78195K [0x0000000080000000, 0x0000000100000000)
  region size 1024K, 8 young (8192K), 8 survivors (8192K)
 Metaspace       used 70915K, capacity 72838K, committed 73028K, reserved 1112064K
  class space    used 9116K, capacity 9775K, committed 9804K, reserved 1048576K
}
Event: 8.370 GC heap before
{Heap before GC invocations=20 (full 0):
 garbage-first heap   total 187392K, used 140659K [0x0000000080000000, 0x0000000100000000)
  region size 1024K, 69 young (70656K), 8 survivors (8192K)
 Metaspace       used 74326K, capacity 76452K, committed 76740K, reserved 1116160K
  class space    used 9618K, capacity 10317K, committed 10444K, reserved 1048576K
}
Event: 8.380 GC heap after
{Heap after GC invocations=21 (full 0):
 garbage-first heap   total 187392K, used 82874K [0x0000000080000000, 0x0000000100000000)
  region size 1024K, 5 young (5120K), 5 survivors (5120K)
 Metaspace       used 74326K, capacity 76452K, committed 76740K, reserved 1116160K
  class space    used 9618K, capacity 10317K, committed 10444K, reserved 1048576K
}

