# JRE version: OpenJDK Runtime Environment (11.0.11+9) (build 11.0.11+9-b60-7590822)
# Java VM: OpenJDK 64-Bit Server VM (11.0.11+9-b60-7590822, mixed mode, tiered, compressed oops, g1 gc, windows-amd64)
Heap:
 garbage-first heap   total 155648K, used 66941K [0x0000000080000000, 0x0000000100000000)
  region size 1024K, 10 young (10240K), 8 survivors (8192K)
 Metaspace       used 50646K, capacity 52250K, committed 52424K, reserved 1095680K
  class space    used 6503K, capacity 7024K, committed 7040K, reserved 1048576K
GC Heap History (20 events):
Event: 0.485 GC heap before
{Heap before GC invocations=0 (full 0):
 garbage-first heap   total 129024K, used 29696K [0x0000000080000000, 0x0000000100000000)
  region size 1024K, 24 young (24576K), 0 survivors (0K)
 Metaspace       used 10252K, capacity 10487K, committed 10624K, reserved 1058816K
  class space    used 1072K, capacity 1141K, committed 1152K, reserved 1048576K
}
Event: 0.490 GC heap after
{Heap after GC invocations=1 (full 0):
 garbage-first heap   total 129024K, used 9468K [0x0000000080000000, 0x0000000100000000)
  region size 1024K, 3 young (3072K), 3 survivors (3072K)
 Metaspace       used 10252K, capacity 10487K, committed 10624K, reserved 1058816K
  class space    used 1072K, capacity 1141K, committed 1152K, reserved 1048576K
}
Event: 0.728 GC heap before
{Heap before GC invocations=1 (full 0):
 garbage-first heap   total 129024K, used 31996K [0x0000000080000000, 0x0000000100000000)
  region size 1024K, 25 young (25600K), 3 survivors (3072K)
 Metaspace       used 11194K, capacity 11378K, committed 11520K, reserved 1058816K
  class space    used 1174K, capacity 1246K, committed 1280K, reserved 1048576K
}
Event: 0.730 GC heap after
{Heap after GC invocations=2 (full 0):
 garbage-first heap   total 129024K, used 10156K [0x0000000080000000, 0x0000000100000000)
  region size 1024K, 1 young (1024K), 1 survivors (1024K)
 Metaspace       used 11194K, capacity 11378K, committed 11520K, reserved 1058816K
  class space    used 1174K, capacity 1246K, committed 1280K, reserved 1048576K
}
Event: 1.680 GC heap before
{Heap before GC invocations=2 (full 0):
 garbage-first heap   total 129024K, used 63404K [0x0000000080000000, 0x0000000100000000)
  region size 1024K, 53 young (54272K), 1 survivors (1024K)
 Metaspace       used 17950K, capacity 18361K, committed 18432K, reserved 1064960K
  class space    used 2125K, capacity 2268K, committed 2304K, reserved 1048576K
}
Event: 1.684 GC heap after
{Heap after GC invocations=3 (full 0):
 garbage-first heap   total 129024K, used 16317K [0x0000000080000000, 0x0000000100000000)
  region size 1024K, 7 young (7168K), 7 survivors (7168K)
 Metaspace       used 17950K, capacity 18361K, committed 18432K, reserved 1064960K
  class space    used 2125K, capacity 2268K, committed 2304K, reserved 1048576K
}
Event: 1.827 GC heap before
{Heap before GC invocations=3 (full 0):
 garbage-first heap   total 129024K, used 38845K [0x0000000080000000, 0x0000000100000000)
  region size 1024K, 30 young (30720K), 7 survivors (7168K)
 Metaspace       used 20657K, capacity 21118K, committed 21296K, reserved 1069056K
  class space    used 2531K, capacity 2676K, committed 2688K, reserved 1048576K
}
Event: 1.833 GC heap after
{Heap after GC invocations=4 (full 0):
 garbage-first heap   total 129024K, used 17599K [0x0000000080000000, 0x0000000100000000)
  region size 1024K, 1 young (1024K), 1 survivors (1024K)
 Metaspace       used 20657K, capacity 21118K, committed 21296K, reserved 1069056K
  class space    used 2531K, capacity 2676K, committed 2688K, reserved 1048576K
}
Event: 2.244 GC heap before
{Heap before GC invocations=5 (full 0):
 garbage-first heap   total 129024K, used 71871K [0x0000000080000000, 0x0000000100000000)
  region size 1024K, 54 young (55296K), 1 survivors (1024K)
 Metaspace       used 26530K, capacity 27182K, committed 27440K, reserved 1073152K
  class space    used 3476K, capacity 3705K, committed 3712K, reserved 1048576K
}
Event: 2.247 GC heap after
{Heap after GC invocations=6 (full 0):
 garbage-first heap   total 129024K, used 19795K [0x0000000080000000, 0x0000000100000000)
  region size 1024K, 4 young (4096K), 4 survivors (4096K)
 Metaspace       used 26530K, capacity 27182K, committed 27440K, reserved 1073152K
  class space    used 3476K, capacity 3705K, committed 3712K, reserved 1048576K
}
Event: 2.725 GC heap before
{Heap before GC invocations=6 (full 0):
 garbage-first heap   total 129024K, used 85331K [0x0000000080000000, 0x0000000100000000)
  region size 1024K, 59 young (60416K), 4 survivors (4096K)
 Metaspace       used 31392K, capacity 32308K, committed 32432K, reserved 1077248K
  class space    used 4242K, capacity 4580K, committed 4608K, reserved 1048576K
}
Event: 2.729 GC heap after
{Heap after GC invocations=7 (full 0):
 garbage-first heap   total 129024K, used 33939K [0x0000000080000000, 0x0000000100000000)
  region size 1024K, 8 young (8192K), 8 survivors (8192K)
 Metaspace       used 31392K, capacity 32308K, committed 32432K, reserved 1077248K
  class space    used 4242K, capacity 4580K, committed 4608K, reserved 1048576K
}
Event: 2.930 GC heap before
{Heap before GC invocations=7 (full 0):
 garbage-first heap   total 129024K, used 46227K [0x0000000080000000, 0x0000000100000000)
  region size 1024K, 21 young (21504K), 8 survivors (8192K)
 Metaspace       used 34581K, capacity 35486K, committed 35632K, reserved 1079296K
  class space    used 4547K, capacity 4894K, committed 4992K, reserved 1048576K
}
Event: 2.941 GC heap after
{Heap after GC invocations=8 (full 0):
 garbage-first heap   total 155648K, used 35879K [0x0000000080000000, 0x0000000100000000)
  region size 1024K, 2 young (2048K), 2 survivors (2048K)
 Metaspace       used 34581K, capacity 35486K, committed 35632K, reserved 1079296K
  class space    used 4547K, capacity 4894K, committed 4992K, reserved 1048576K
}
Event: 3.536 GC heap before
{Heap before GC invocations=9 (full 0):
 garbage-first heap   total 155648K, used 95271K [0x0000000080000000, 0x0000000100000000)
  region size 1024K, 58 young (59392K), 2 survivors (2048K)
 Metaspace       used 41208K, capacity 42386K, committed 42696K, reserved 1087488K
  class space    used 5275K, capacity 5696K, committed 5760K, reserved 1048576K
}
Event: 3.546 GC heap after
{Heap after GC invocations=10 (full 0):
 garbage-first heap   total 155648K, used 40446K [0x0000000080000000, 0x0000000100000000)
  region size 1024K, 7 young (7168K), 7 survivors (7168K)
 Metaspace       used 41208K, capacity 42386K, committed 42696K, reserved 1087488K
  class space    used 5275K, capacity 5696K, committed 5760K, reserved 1048576K
}
Event: 4.102 GC heap before
{Heap before GC invocations=11 (full 0):
 garbage-first heap   total 155648K, used 100862K [0x0000000080000000, 0x0000000100000000)
  region size 1024K, 63 young (64512K), 7 survivors (7168K)
 Metaspace       used 45283K, capacity 46583K, committed 46792K, reserved 1089536K
  class space    used 5711K, capacity 6146K, committed 6272K, reserved 1048576K
}
Event: 4.110 GC heap after
{Heap after GC invocations=12 (full 0):
 garbage-first heap   total 155648K, used 48048K [0x0000000080000000, 0x0000000100000000)
  region size 1024K, 6 young (6144K), 6 survivors (6144K)
 Metaspace       used 45283K, capacity 46583K, committed 46792K, reserved 1089536K
  class space    used 5711K, capacity 6146K, committed 6272K, reserved 1048576K
}
Event: 4.506 GC heap before
{Heap before GC invocations=12 (full 0):
 garbage-first heap   total 155648K, used 109488K [0x0000000080000000, 0x0000000100000000)
  region size 1024K, 62 young (63488K), 6 survivors (6144K)
 Metaspace       used 48285K, capacity 49748K, committed 49864K, reserved 1093632K
  class space    used 6214K, capacity 6669K, committed 6784K, reserved 1048576K
}
Event: 4.510 GC heap after
{Heap after GC invocations=13 (full 0):
 garbage-first heap   total 155648K, used 56202K [0x0000000080000000, 0x0000000100000000)
  region size 1024K, 4 young (4096K), 4 survivors (4096K)
 Metaspace       used 48285K, capacity 49748K, committed 49864K, reserved 1093632K
  class space    used 6214K, capacity 6669K, committed 6784K, reserved 1048576K
}

