# JRE version: OpenJDK Runtime Environment (11.0.11+9) (build 11.0.11+9-b60-7590822)
# Java VM: OpenJDK 64-Bit Server VM (11.0.11+9-b60-7590822, mixed mode, tiered, compressed oops, g1 gc, windows-amd64)
Heap:
 garbage-first heap   total 155648K, used 90832K [0x0000000080000000, 0x0000000100000000)
  region size 1024K, 19 young (19456K), 6 survivors (6144K)
 Metaspace       used 70970K, capacity 73021K, committed 73124K, reserved 1112064K
  class space    used 9109K, capacity 9771K, committed 9820K, reserved 1048576K
GC Heap History (20 events):
Event: 3.891 GC heap before
{Heap before GC invocations=6 (full 0):
 garbage-first heap   total 129024K, used 82293K [0x0000000080000000, 0x0000000100000000)
  region size 1024K, 57 young (58368K), 3 survivors (3072K)
 Metaspace       used 30816K, capacity 31784K, committed 32048K, reserved 1077248K
  class space    used 4146K, capacity 4469K, committed 4480K, reserved 1048576K
}
Event: 3.896 GC heap after
{Heap after GC invocations=7 (full 0):
 garbage-first heap   total 129024K, used 32889K [0x0000000080000000, 0x0000000100000000)
  region size 1024K, 8 young (8192K), 8 survivors (8192K)
 Metaspace       used 30816K, capacity 31784K, committed 32048K, reserved 1077248K
  class space    used 4146K, capacity 4469K, committed 4480K, reserved 1048576K
}
Event: 4.183 GC heap before
{Heap before GC invocations=7 (full 0):
 garbage-first heap   total 129024K, used 50297K [0x0000000080000000, 0x0000000100000000)
  region size 1024K, 26 young (26624K), 8 survivors (8192K)
 Metaspace       used 34580K, capacity 35468K, committed 35632K, reserved 1079296K
  class space    used 4546K, capacity 4888K, committed 4992K, reserved 1048576K
}
Event: 4.193 GC heap after
{Heap after GC invocations=8 (full 0):
 garbage-first heap   total 129024K, used 34904K [0x0000000080000000, 0x0000000100000000)
  region size 1024K, 3 young (3072K), 3 survivors (3072K)
 Metaspace       used 34580K, capacity 35468K, committed 35632K, reserved 1079296K
  class space    used 4546K, capacity 4888K, committed 4992K, reserved 1048576K
}
Event: 4.672 GC heap before
{Heap before GC invocations=9 (full 0):
 garbage-first heap   total 129024K, used 88152K [0x0000000080000000, 0x0000000100000000)
  region size 1024K, 52 young (53248K), 3 survivors (3072K)
 Metaspace       used 40268K, capacity 41304K, committed 41544K, reserved 1085440K
  class space    used 5146K, capacity 5526K, committed 5632K, reserved 1048576K
}
Event: 4.680 GC heap after
{Heap after GC invocations=10 (full 0):
 garbage-first heap   total 129024K, used 39364K [0x0000000080000000, 0x0000000100000000)
  region size 1024K, 7 young (7168K), 7 survivors (7168K)
 Metaspace       used 40268K, capacity 41304K, committed 41544K, reserved 1085440K
  class space    used 5146K, capacity 5526K, committed 5632K, reserved 1048576K
}
Event: 5.622 GC heap before
{Heap before GC invocations=11 (full 0):
 garbage-first heap   total 129024K, used 93636K [0x0000000080000000, 0x0000000100000000)
  region size 1024K, 56 young (57344K), 7 survivors (7168K)
 Metaspace       used 44426K, capacity 45757K, committed 45896K, reserved 1089536K
  class space    used 5609K, capacity 6064K, committed 6144K, reserved 1048576K
}
Event: 5.632 GC heap after
{Heap after GC invocations=12 (full 0):
 garbage-first heap   total 155648K, used 45923K [0x0000000080000000, 0x0000000100000000)
  region size 1024K, 5 young (5120K), 5 survivors (5120K)
 Metaspace       used 44426K, capacity 45757K, committed 45896K, reserved 1089536K
  class space    used 5609K, capacity 6064K, committed 6144K, reserved 1048576K
}
Event: 6.296 GC heap before
{Heap before GC invocations=12 (full 0):
 garbage-first heap   total 155648K, used 111459K [0x0000000080000000, 0x0000000100000000)
  region size 1024K, 65 young (66560K), 5 survivors (5120K)
 Metaspace       used 47292K, capacity 48788K, committed 48968K, reserved 1091584K
  class space    used 6061K, capacity 6540K, committed 6656K, reserved 1048576K
}
Event: 6.302 GC heap after
{Heap after GC invocations=13 (full 0):
 garbage-first heap   total 155648K, used 54012K [0x0000000080000000, 0x0000000100000000)
  region size 1024K, 9 young (9216K), 9 survivors (9216K)
 Metaspace       used 47292K, capacity 48788K, committed 48968K, reserved 1091584K
  class space    used 6061K, capacity 6540K, committed 6656K, reserved 1048576K
}
Event: 7.264 GC heap before
{Heap before GC invocations=13 (full 0):
 garbage-first heap   total 155648K, used 112380K [0x0000000080000000, 0x0000000100000000)
  region size 1024K, 67 young (68608K), 9 survivors (9216K)
 Metaspace       used 50357K, capacity 51917K, committed 52168K, reserved 1095680K
  class space    used 6456K, capacity 6976K, committed 7040K, reserved 1048576K
}
Event: 7.270 GC heap after
{Heap after GC invocations=14 (full 0):
 garbage-first heap   total 155648K, used 57064K [0x0000000080000000, 0x0000000100000000)
  region size 1024K, 8 young (8192K), 8 survivors (8192K)
 Metaspace       used 50357K, capacity 51917K, committed 52168K, reserved 1095680K
  class space    used 6456K, capacity 6976K, committed 7040K, reserved 1048576K
}
Event: 8.089 GC heap before
{Heap before GC invocations=14 (full 0):
 garbage-first heap   total 155648K, used 122600K [0x0000000080000000, 0x0000000100000000)
  region size 1024K, 67 young (68608K), 8 survivors (8192K)
 Metaspace       used 55571K, capacity 57252K, committed 57544K, reserved 1099776K
  class space    used 7186K, capacity 7750K, committed 7808K, reserved 1048576K
}
Event: 8.101 GC heap after
{Heap after GC invocations=15 (full 0):
 garbage-first heap   total 155648K, used 69841K [0x0000000080000000, 0x0000000100000000)
  region size 1024K, 9 young (9216K), 9 survivors (9216K)
 Metaspace       used 55571K, capacity 57252K, committed 57544K, reserved 1099776K
  class space    used 7186K, capacity 7750K, committed 7808K, reserved 1048576K
}
Event: 8.706 GC heap before
{Heap before GC invocations=15 (full 0):
 garbage-first heap   total 155648K, used 122065K [0x0000000080000000, 0x0000000100000000)
  region size 1024K, 60 young (61440K), 9 survivors (9216K)
 Metaspace       used 63116K, capacity 64967K, committed 65224K, reserved 1105920K
  class space    used 8101K, capacity 8739K, committed 8832K, reserved 1048576K
}
Event: 8.713 GC heap after
{Heap after GC invocations=16 (full 0):
 garbage-first heap   total 155648K, used 72484K [0x0000000080000000, 0x0000000100000000)
  region size 1024K, 3 young (3072K), 3 survivors (3072K)
 Metaspace       used 63116K, capacity 64967K, committed 65224K, reserved 1105920K
  class space    used 8101K, capacity 8739K, committed 8832K, reserved 1048576K
}
Event: 9.125 GC heap before
{Heap before GC invocations=16 (full 0):
 garbage-first heap   total 155648K, used 109348K [0x0000000080000000, 0x0000000100000000)
  region size 1024K, 41 young (41984K), 3 survivors (3072K)
 Metaspace       used 67586K, capacity 69543K, committed 69668K, reserved 1110016K
  class space    used 8668K, capacity 9349K, committed 9436K, reserved 1048576K
}
Event: 9.132 GC heap after
{Heap after GC invocations=17 (full 0):
 garbage-first heap   total 155648K, used 75304K [0x0000000080000000, 0x0000000100000000)
  region size 1024K, 5 young (5120K), 5 survivors (5120K)
 Metaspace       used 67586K, capacity 69543K, committed 69668K, reserved 1110016K
  class space    used 8668K, capacity 9349K, committed 9436K, reserved 1048576K
}
Event: 9.521 GC heap before
{Heap before GC invocations=18 (full 0):
 garbage-first heap   total 155648K, used 105000K [0x0000000080000000, 0x0000000100000000)
  region size 1024K, 35 young (35840K), 5 survivors (5120K)
 Metaspace       used 70227K, capacity 72230K, committed 72612K, reserved 1112064K
  class space    used 9002K, capacity 9664K, committed 9820K, reserved 1048576K
}
Event: 9.534 GC heap after
{Heap after GC invocations=19 (full 0):
 garbage-first heap   total 155648K, used 77520K [0x0000000080000000, 0x0000000100000000)
  region size 1024K, 6 young (6144K), 6 survivors (6144K)
 Metaspace       used 70227K, capacity 72230K, committed 72612K, reserved 1112064K
  class space    used 9002K, capacity 9664K, committed 9820K, reserved 1048576K
}

