# JRE version: OpenJDK Runtime Environment (11.0.11+9) (build 11.0.11+9-b60-7590822)
# Java VM: OpenJDK 64-Bit Server VM (11.0.11+9-b60-7590822, mixed mode, tiered, compressed oops, g1 gc, windows-amd64)
Heap:
 garbage-first heap   total 187392K, used 48884K [0x0000000080000000, 0x0000000100000000)
  region size 1024K, 6 young (6144K), 3 survivors (3072K)
 Metaspace       used 58891K, capacity 60446K, committed 60620K, reserved 1101824K
  class space    used 7518K, capacity 8081K, committed 8140K, reserved 1048576K
GC Heap History (20 events):
Event: 0.554 GC heap before
{Heap before GC invocations=0 (full 0):
 garbage-first heap   total 129024K, used 29696K [0x0000000080000000, 0x0000000100000000)
  region size 1024K, 24 young (24576K), 0 survivors (0K)
 Metaspace       used 10234K, capacity 10423K, committed 10624K, reserved 1058816K
  class space    used 1072K, capacity 1141K, committed 1152K, reserved 1048576K
}
Event: 0.560 GC heap after
{Heap after GC invocations=1 (full 0):
 garbage-first heap   total 129024K, used 9145K [0x0000000080000000, 0x0000000100000000)
  region size 1024K, 3 young (3072K), 3 survivors (3072K)
 Metaspace       used 10234K, capacity 10423K, committed 10624K, reserved 1058816K
  class space    used 1072K, capacity 1141K, committed 1152K, reserved 1048576K
}
Event: 0.798 GC heap before
{Heap before GC invocations=1 (full 0):
 garbage-first heap   total 129024K, used 30649K [0x0000000080000000, 0x0000000100000000)
  region size 1024K, 24 young (24576K), 3 survivors (3072K)
 Metaspace       used 11187K, capacity 11378K, committed 11520K, reserved 1058816K
  class space    used 1174K, capacity 1246K, committed 1280K, reserved 1048576K
}
Event: 0.801 GC heap after
{Heap after GC invocations=2 (full 0):
 garbage-first heap   total 129024K, used 9808K [0x0000000080000000, 0x0000000100000000)
  region size 1024K, 1 young (1024K), 1 survivors (1024K)
 Metaspace       used 11187K, capacity 11378K, committed 11520K, reserved 1058816K
  class space    used 1174K, capacity 1246K, committed 1280K, reserved 1048576K
}
Event: 1.868 GC heap before
{Heap before GC invocations=2 (full 0):
 garbage-first heap   total 129024K, used 62032K [0x0000000080000000, 0x0000000100000000)
  region size 1024K, 52 young (53248K), 1 survivors (1024K)
 Metaspace       used 17614K, capacity 17992K, committed 18176K, reserved 1064960K
  class space    used 2085K, capacity 2219K, committed 2304K, reserved 1048576K
}
Event: 1.873 GC heap after
{Heap after GC invocations=3 (full 0):
 garbage-first heap   total 129024K, used 15838K [0x0000000080000000, 0x0000000100000000)
  region size 1024K, 7 young (7168K), 7 survivors (7168K)
 Metaspace       used 17614K, capacity 17992K, committed 18176K, reserved 1064960K
  class space    used 2085K, capacity 2219K, committed 2304K, reserved 1048576K
}
Event: 2.050 GC heap before
{Heap before GC invocations=3 (full 0):
 garbage-first heap   total 129024K, used 40414K [0x0000000080000000, 0x0000000100000000)
  region size 1024K, 32 young (32768K), 7 survivors (7168K)
 Metaspace       used 20685K, capacity 21081K, committed 21248K, reserved 1067008K
  class space    used 2543K, capacity 2695K, committed 2816K, reserved 1048576K
}
Event: 2.056 GC heap after
{Heap after GC invocations=4 (full 0):
 garbage-first heap   total 129024K, used 16939K [0x0000000080000000, 0x0000000100000000)
  region size 1024K, 2 young (2048K), 2 survivors (2048K)
 Metaspace       used 20685K, capacity 21081K, committed 21248K, reserved 1067008K
  class space    used 2543K, capacity 2695K, committed 2816K, reserved 1048576K
}
Event: 2.488 GC heap before
{Heap before GC invocations=5 (full 0):
 garbage-first heap   total 129024K, used 72235K [0x0000000080000000, 0x0000000100000000)
  region size 1024K, 56 young (57344K), 2 survivors (2048K)
 Metaspace       used 26251K, capacity 26866K, committed 27008K, reserved 1073152K
  class space    used 3437K, capacity 3651K, committed 3712K, reserved 1048576K
}
Event: 2.492 GC heap after
{Heap after GC invocations=6 (full 0):
 garbage-first heap   total 155648K, used 18901K [0x0000000080000000, 0x0000000100000000)
  region size 1024K, 3 young (3072K), 3 survivors (3072K)
 Metaspace       used 26251K, capacity 26866K, committed 27008K, reserved 1073152K
  class space    used 3437K, capacity 3651K, committed 3712K, reserved 1048576K
}
Event: 3.119 GC heap before
{Heap before GC invocations=6 (full 0):
 garbage-first heap   total 155648K, used 74197K [0x0000000080000000, 0x0000000100000000)
  region size 1024K, 58 young (59392K), 3 survivors (3072K)
 Metaspace       used 35057K, capacity 35786K, committed 35840K, reserved 1081344K
  class space    used 4565K, capacity 4863K, committed 4864K, reserved 1048576K
}
Event: 3.126 GC heap after
{Heap after GC invocations=7 (full 0):
 garbage-first heap   total 155648K, used 22407K [0x0000000080000000, 0x0000000100000000)
  region size 1024K, 7 young (7168K), 7 survivors (7168K)
 Metaspace       used 35057K, capacity 35786K, committed 35840K, reserved 1081344K
  class space    used 4565K, capacity 4863K, committed 4864K, reserved 1048576K
}
Event: 3.889 GC heap before
{Heap before GC invocations=8 (full 0):
 garbage-first heap   total 155648K, used 92039K [0x0000000080000000, 0x0000000100000000)
  region size 1024K, 73 young (74752K), 7 survivors (7168K)
 Metaspace       used 40162K, capacity 41115K, committed 41420K, reserved 1085440K
  class space    used 5143K, capacity 5504K, committed 5580K, reserved 1048576K
}
Event: 3.897 GC heap after
{Heap after GC invocations=9 (full 0):
 garbage-first heap   total 155648K, used 27525K [0x0000000080000000, 0x0000000100000000)
  region size 1024K, 9 young (9216K), 9 survivors (9216K)
 Metaspace       used 40162K, capacity 41115K, committed 41420K, reserved 1085440K
  class space    used 5143K, capacity 5504K, committed 5580K, reserved 1048576K
}
Event: 4.517 GC heap before
{Heap before GC invocations=9 (full 0):
 garbage-first heap   total 155648K, used 103301K [0x0000000080000000, 0x0000000100000000)
  region size 1024K, 83 young (84992K), 9 survivors (9216K)
 Metaspace       used 46738K, capacity 48005K, committed 48332K, reserved 1091584K
  class space    used 6031K, capacity 6473K, committed 6604K, reserved 1048576K
}
Event: 4.526 GC heap after
{Heap after GC invocations=10 (full 0):
 garbage-first heap   total 155648K, used 30124K [0x0000000080000000, 0x0000000100000000)
  region size 1024K, 8 young (8192K), 8 survivors (8192K)
 Metaspace       used 46738K, capacity 48005K, committed 48332K, reserved 1091584K
  class space    used 6031K, capacity 6473K, committed 6604K, reserved 1048576K
}
Event: 5.332 GC heap before
{Heap before GC invocations=10 (full 0):
 garbage-first heap   total 155648K, used 118188K [0x0000000080000000, 0x0000000100000000)
  region size 1024K, 90 young (92160K), 8 survivors (8192K)
 Metaspace       used 52009K, capacity 53403K, committed 53580K, reserved 1095680K
  class space    used 6641K, capacity 7142K, committed 7244K, reserved 1048576K
}
Event: 5.344 GC heap after
{Heap after GC invocations=11 (full 0):
 garbage-first heap   total 155648K, used 44555K [0x0000000080000000, 0x0000000100000000)
  region size 1024K, 12 young (12288K), 12 survivors (12288K)
 Metaspace       used 52009K, capacity 53403K, committed 53580K, reserved 1095680K
  class space    used 6641K, capacity 7142K, committed 7244K, reserved 1048576K
}
Event: 5.860 GC heap before
{Heap before GC invocations=11 (full 0):
 garbage-first heap   total 155648K, used 88587K [0x0000000080000000, 0x0000000100000000)
  region size 1024K, 56 young (57344K), 12 survivors (12288K)
 Metaspace       used 58641K, capacity 60176K, committed 60236K, reserved 1101824K
  class space    used 7479K, capacity 8012K, committed 8012K, reserved 1048576K
}
Event: 5.876 GC heap after
{Heap after GC invocations=12 (full 0):
 garbage-first heap   total 187392K, used 46836K [0x0000000080000000, 0x0000000100000000)
  region size 1024K, 3 young (3072K), 3 survivors (3072K)
 Metaspace       used 58641K, capacity 60176K, committed 60236K, reserved 1101824K
  class space    used 7479K, capacity 8012K, committed 8012K, reserved 1048576K
}

